Load "ESC\\ESC.axf" 
Set JLink Project File to "c:\Users\User\work\AAA_projects\FOC\ESC_V1.0.0\ESC\MDK-ARM\JLinkSettings.ini"* JLink Info: Device "STM32G431CB" selected.

JLink info:
------------
DLL: V8.66 , compiled Sep  3 2025 14:53:21
Firmware: J-Link V11 compiled Apr  1 2025 10:02:30
Hardware: V11.00
S/N : 821009344 
Feature(s) : GDB 

* JLink Info: InitTarget() start
* JLink Info: JTAG selected. Identifying JTAG Chain...
* JLink Info: TotalIRLen = ?, IRPrint = 0x..000000000000000000000000
* JLink Info: Error: Scanning JTAG chain failed.
* JLink Info: Can not attach to CPU. Trying connect under reset.
* JLink Info: JTAG selected. Identifying JTAG Chain...
* JLink Info: TotalIRLen = ?, IRPrint = 0x..000000000000000000000000
* JLink Info: Error: Scanning JTAG chain failed.
* JLink Info: Connecting to CPU via connect under reset failed.
* JLink Info: InitTarget() end - Took 107ms
* JLink Info: Connect failed. Resetting via Reset pin and trying again.
* JLink Info: InitTarget() start
* JLink Info: JTAG selected. Identifying JTAG Chain...
* JLink Info: TotalIRLen = ?, IRPrint = 0x..000000000000000000000000
* JLink Info: Error: Scanning JTAG chain failed.
* JLink Info: Can not attach to CPU. Trying connect under reset.
* JLink Info: JTAG selected. Identifying JTAG Chain...
* JLink Info: TotalIRLen = ?, IRPrint = 0x..000000000000000000000000
* JLink Info: Error: Scanning JTAG chain failed.
* JLink Info: Connecting to CPU via connect under reset failed.
* JLink Info: InitTarget() end - Took 105ms
Error: Flash Download failed  -  Target DLL has been cancelled
Flash Load finished at 16:42:41
